<?xml version="1.0" encoding="UTF-8"?>
<testsuite name="com.bdd.runner.Runner" time="24.354" tests="1" errors="1" skipped="0" failures="0">
  <properties>
[...]
</properties>
  <testcase name="Registrar la consulta en el modulo de contacto web" classname="Modulo contacto web" time="24.354">
    <error type="java.lang.NullPointerException:">java.lang.NullPointerException: null
	at com.bdd.generico.webDriverDOM.generarEvidencia(webDriverDOM.java:56)
	at com.bdd.web.page.ContactoWebPage.ingresarMensaje(ContactoWebPage.java:62)
	at com.bdd.web.steps.ContactoWebSteps.ingreso_el_mensaje_que_deseo_enviar(ContactoWebSteps.java:39)
	at com.bdd.web.steps.ContactoWebSteps$ByteBuddy$p7dWKF2c.ingreso_el_mensaje_que_deseo_enviar$accessor$HDBT3Fo7(Unknown Source)
	at java.base/jdk.internal.reflect.NativeMethodAccessorImpl.invoke0(Native Method)
	at java.base/jdk.internal.reflect.NativeMethodAccessorImpl.invoke(NativeMethodAccessorImpl.java:62)
	at java.base/jdk.internal.reflect.DelegatingMethodAccessorImpl.invoke(DelegatingMethodAccessorImpl.java:43)
	at java.base/java.lang.reflect.Method.invoke(Method.java:566)
	at net.thucydides.core.steps.BaseMethodRunner.invokeMethod(BaseMethodRunner.java:18)
	at net.thucydides.core.steps.NormalMethodRunner.invokeMethodAndNotifyFailures(NormalMethodRunner.java:18)
	at net.thucydides.core.steps.StepInterceptor.runNormalMethod(StepInterceptor.java:394)
	at net.thucydides.core.steps.StepInterceptor.testStepResult(StepInterceptor.java:179)
	at net.thucydides.core.steps.StepInterceptor.intercept(StepInterceptor.java:77)
	at com.bdd.web.steps.ContactoWebSteps$ByteBuddy$p7dWKF2c.ingreso_el_mensaje_que_deseo_enviar(Unknown Source)
	at com.bdd.web.stepDefinition.ContactoWebStepDefinition.ingreso_el_mensaje_que_deseo_enviar(ContactoWebStepDefinition.java:38)
	at ✽.ingreso el mensaje que deseo enviar Hola, quisiera información sobre sus productos(src/test/resources/features/ContactoWeb.feature:16)
</error>
    <system-out><![CDATA[telefono ggfg:[[[ChromeDriver: chrome on WINDOWS (3b665e75f5f1fe442b9d5fdf3167519c)] -> xpath: //*[@href='tel:+57(034)4310348']]]
]]></system-out>
    <system-err><![CDATA[SLF4J: Failed to load class "org.slf4j.impl.StaticLoggerBinder".
SLF4J: Defaulting to no-operation (NOP) logger implementation
SLF4J: See http://www.slf4j.org/codes.html#StaticLoggerBinder for further details.
Starting ChromeDriver 101.0.4951.41 (93c720db8323b3ec10d056025ab95c23a31997c9-refs/branch-heads/4951@{#904}) on port 38512
Only local connections are allowed.
Please see https://chromedriver.chromium.org/security-considerations for suggestions on keeping ChromeDriver safe.
ChromeDriver was started successfully.
may. 08, 2022 9:11:52 P. M. org.openqa.selenium.remote.ProtocolHandshake createSession
INFO: Detected dialect: W3C
]]></system-err>
  </testcase>
</testsuite>